21:42:06.860 [main] DEBUG o.a.h.i.c.BasicClientConnectionManager - Get connection for route {}->http://super-scheduler-app.herokuapp.com:80
21:42:07.009 [main] DEBUG o.a.h.i.c.DefaultClientConnectionOperator - Connecting to super-scheduler-app.herokuapp.com:80
21:42:07.224 [main] DEBUG o.a.h.c.protocol.RequestAddCookies - CookieSpec selected: ignoreCookies
21:42:07.229 [main] DEBUG o.a.h.c.protocol.RequestAuthCache - Auth cache not set in the context
21:42:07.230 [main] DEBUG o.a.h.c.p.RequestTargetAuthentication - Target auth state: UNCHALLENGED
21:42:07.232 [main] DEBUG o.a.h.c.p.RequestProxyAuthentication - Proxy auth state: UNCHALLENGED
21:42:07.233 [main] DEBUG o.a.h.impl.client.DefaultHttpClient - Attempt 1 to execute request
21:42:07.234 [main] DEBUG o.a.h.i.c.DefaultClientConnection - Sending request: POST /api/login HTTP/1.1
21:42:07.236 [main] DEBUG org.apache.http.wire -  >> "POST /api/login HTTP/1.1[\r][\n]"
21:42:07.238 [main] DEBUG org.apache.http.wire -  >> "Accept: */*[\r][\n]"
21:42:07.238 [main] DEBUG org.apache.http.wire -  >> "Content-Type: application/json[\r][\n]"
21:42:07.239 [main] DEBUG org.apache.http.wire -  >> "Content-Length: 58[\r][\n]"
21:42:07.239 [main] DEBUG org.apache.http.wire -  >> "Host: super-scheduler-app.herokuapp.com[\r][\n]"
21:42:07.239 [main] DEBUG org.apache.http.wire -  >> "Connection: Keep-Alive[\r][\n]"
21:42:07.240 [main] DEBUG org.apache.http.wire -  >> "User-Agent: Apache-HttpClient/4.5.13 (Java/1.8.0_271)[\r][\n]"
21:42:07.240 [main] DEBUG org.apache.http.wire -  >> "Accept-Encoding: gzip,deflate[\r][\n]"
21:42:07.240 [main] DEBUG org.apache.http.wire -  >> "[\r][\n]"
21:42:07.240 [main] DEBUG org.apache.http.headers - >> POST /api/login HTTP/1.1
21:42:07.241 [main] DEBUG org.apache.http.headers - >> Accept: */*
21:42:07.241 [main] DEBUG org.apache.http.headers - >> Content-Type: application/json
21:42:07.241 [main] DEBUG org.apache.http.headers - >> Content-Length: 58
21:42:07.242 [main] DEBUG org.apache.http.headers - >> Host: super-scheduler-app.herokuapp.com
21:42:07.242 [main] DEBUG org.apache.http.headers - >> Connection: Keep-Alive
21:42:07.242 [main] DEBUG org.apache.http.headers - >> User-Agent: Apache-HttpClient/4.5.13 (Java/1.8.0_271)
21:42:07.242 [main] DEBUG org.apache.http.headers - >> Accept-Encoding: gzip,deflate
21:42:07.243 [main] DEBUG org.apache.http.wire -  >> "{"email" : "elena28+4@gmail.com", "password": "Aa1234567"}"
21:42:07.409 [main] DEBUG org.apache.http.wire -  << "HTTP/1.1 200 [\r][\n]"
21:42:07.412 [main] DEBUG org.apache.http.wire -  << "Server: Cowboy[\r][\n]"
21:42:07.412 [main] DEBUG org.apache.http.wire -  << "Connection: keep-alive[\r][\n]"
21:42:07.412 [main] DEBUG org.apache.http.wire -  << "Content-Type: application/json;charset=UTF-8[\r][\n]"
21:42:07.413 [main] DEBUG org.apache.http.wire -  << "Transfer-Encoding: chunked[\r][\n]"
21:42:07.413 [main] DEBUG org.apache.http.wire -  << "Date: Tue, 31 Aug 2021 18:42:08 GMT[\r][\n]"
21:42:07.415 [main] DEBUG org.apache.http.wire -  << "Via: 1.1 vegur[\r][\n]"
21:42:07.416 [main] DEBUG org.apache.http.wire -  << "[\r][\n]"
21:42:07.421 [main] DEBUG o.a.h.i.c.DefaultClientConnection - Receiving response: HTTP/1.1 200 
21:42:07.423 [main] DEBUG org.apache.http.headers - << HTTP/1.1 200 
21:42:07.424 [main] DEBUG org.apache.http.headers - << Server: Cowboy
21:42:07.424 [main] DEBUG org.apache.http.headers - << Connection: keep-alive
21:42:07.425 [main] DEBUG org.apache.http.headers - << Content-Type: application/json;charset=UTF-8
21:42:07.425 [main] DEBUG org.apache.http.headers - << Transfer-Encoding: chunked
21:42:07.425 [main] DEBUG org.apache.http.headers - << Date: Tue, 31 Aug 2021 18:42:08 GMT
21:42:07.426 [main] DEBUG org.apache.http.headers - << Via: 1.1 vegur
21:42:07.443 [main] DEBUG o.a.h.impl.client.DefaultHttpClient - Connection can be kept alive indefinitely
21:42:07.563 [main] DEBUG i.r.i.RequestSpecificationImpl$RestAssuredHttpBuilder - Parsing response as: application/json;charset=UTF-8
21:42:07.564 [main] DEBUG i.r.i.RequestSpecificationImpl$RestAssuredHttpBuilder - Parsed data to instance of: class org.apache.http.conn.EofSensorInputStream
