21:33:08.358 [main] DEBUG o.a.h.i.c.BasicClientConnectionManager - Get connection for route {}->http://super-scheduler-app.herokuapp.com:80
21:33:08.475 [main] DEBUG o.a.h.i.c.DefaultClientConnectionOperator - Connecting to super-scheduler-app.herokuapp.com:80
21:33:08.653 [main] DEBUG o.a.h.c.protocol.RequestAddCookies - CookieSpec selected: ignoreCookies
21:33:08.658 [main] DEBUG o.a.h.c.protocol.RequestAuthCache - Auth cache not set in the context
21:33:08.659 [main] DEBUG o.a.h.c.p.RequestTargetAuthentication - Target auth state: UNCHALLENGED
21:33:08.660 [main] DEBUG o.a.h.c.p.RequestProxyAuthentication - Proxy auth state: UNCHALLENGED
21:33:08.662 [main] DEBUG o.a.h.impl.client.DefaultHttpClient - Attempt 1 to execute request
21:33:08.663 [main] DEBUG o.a.h.i.c.DefaultClientConnection - Sending request: POST /api/login HTTP/1.1
21:33:08.664 [main] DEBUG org.apache.http.wire -  >> "POST /api/login HTTP/1.1[\r][\n]"
21:33:08.666 [main] DEBUG org.apache.http.wire -  >> "Accept: */*[\r][\n]"
21:33:08.667 [main] DEBUG org.apache.http.wire -  >> "Content-Type: application/json[\r][\n]"
21:33:08.667 [main] DEBUG org.apache.http.wire -  >> "Content-Length: 58[\r][\n]"
21:33:08.667 [main] DEBUG org.apache.http.wire -  >> "Host: super-scheduler-app.herokuapp.com[\r][\n]"
21:33:08.667 [main] DEBUG org.apache.http.wire -  >> "Connection: Keep-Alive[\r][\n]"
21:33:08.668 [main] DEBUG org.apache.http.wire -  >> "User-Agent: Apache-HttpClient/4.5.13 (Java/1.8.0_271)[\r][\n]"
21:33:08.668 [main] DEBUG org.apache.http.wire -  >> "Accept-Encoding: gzip,deflate[\r][\n]"
21:33:08.668 [main] DEBUG org.apache.http.wire -  >> "[\r][\n]"
21:33:08.669 [main] DEBUG org.apache.http.headers - >> POST /api/login HTTP/1.1
21:33:08.670 [main] DEBUG org.apache.http.headers - >> Accept: */*
21:33:08.670 [main] DEBUG org.apache.http.headers - >> Content-Type: application/json
21:33:08.670 [main] DEBUG org.apache.http.headers - >> Content-Length: 58
21:33:08.671 [main] DEBUG org.apache.http.headers - >> Host: super-scheduler-app.herokuapp.com
21:33:08.671 [main] DEBUG org.apache.http.headers - >> Connection: Keep-Alive
21:33:08.671 [main] DEBUG org.apache.http.headers - >> User-Agent: Apache-HttpClient/4.5.13 (Java/1.8.0_271)
21:33:08.672 [main] DEBUG org.apache.http.headers - >> Accept-Encoding: gzip,deflate
21:33:08.673 [main] DEBUG org.apache.http.wire -  >> "{"email" : "elena28+2@gmail.com", "password": "Aa1234567"}"
21:33:08.862 [main] DEBUG org.apache.http.wire -  << "HTTP/1.1 200 [\r][\n]"
21:33:08.866 [main] DEBUG org.apache.http.wire -  << "Server: Cowboy[\r][\n]"
21:33:08.866 [main] DEBUG org.apache.http.wire -  << "Connection: keep-alive[\r][\n]"
21:33:08.867 [main] DEBUG org.apache.http.wire -  << "Content-Type: application/json;charset=UTF-8[\r][\n]"
21:33:08.867 [main] DEBUG org.apache.http.wire -  << "Transfer-Encoding: chunked[\r][\n]"
21:33:08.867 [main] DEBUG org.apache.http.wire -  << "Date: Tue, 31 Aug 2021 18:33:09 GMT[\r][\n]"
21:33:08.867 [main] DEBUG org.apache.http.wire -  << "Via: 1.1 vegur[\r][\n]"
21:33:08.868 [main] DEBUG org.apache.http.wire -  << "[\r][\n]"
21:33:08.869 [main] DEBUG o.a.h.i.c.DefaultClientConnection - Receiving response: HTTP/1.1 200 
21:33:08.870 [main] DEBUG org.apache.http.headers - << HTTP/1.1 200 
21:33:08.870 [main] DEBUG org.apache.http.headers - << Server: Cowboy
21:33:08.870 [main] DEBUG org.apache.http.headers - << Connection: keep-alive
21:33:08.870 [main] DEBUG org.apache.http.headers - << Content-Type: application/json;charset=UTF-8
21:33:08.870 [main] DEBUG org.apache.http.headers - << Transfer-Encoding: chunked
21:33:08.871 [main] DEBUG org.apache.http.headers - << Date: Tue, 31 Aug 2021 18:33:09 GMT
21:33:08.871 [main] DEBUG org.apache.http.headers - << Via: 1.1 vegur
21:33:08.885 [main] DEBUG o.a.h.impl.client.DefaultHttpClient - Connection can be kept alive indefinitely
21:33:08.947 [main] DEBUG i.r.i.RequestSpecificationImpl$RestAssuredHttpBuilder - Parsing response as: application/json;charset=UTF-8
21:33:08.948 [main] DEBUG i.r.i.RequestSpecificationImpl$RestAssuredHttpBuilder - Parsed data to instance of: class org.apache.http.conn.EofSensorInputStream
21:33:09.047 [main] DEBUG org.apache.http.wire -  << "b5[\r][\n]"
21:33:09.047 [main] DEBUG org.apache.http.wire -  << "{"token":"eyJ0eXAiOiJKV1QiLCJhbGciOiJIUzI1NiJ9.eyJlbWFpbCI6ImVsZW5hMjgrMkBnbWFpbC5jb20ifQ.FSJUCIg4i08zElC3jLhjMFDEv5lbZjrHkpJ29tHPVP4","status":"Login success","registration":false}"
21:33:09.049 [main] DEBUG org.apache.http.wire -  << "[\r][\n]"
21:33:09.049 [main] DEBUG org.apache.http.wire -  << "0[\r][\n]"
21:33:09.050 [main] DEBUG org.apache.http.wire -  << "[\r][\n]"
21:33:09.050 [main] DEBUG o.a.h.i.c.BasicClientConnectionManager - Releasing connection org.apache.http.impl.conn.ManagedClientConnectionImpl@1ac85b0c
21:33:09.050 [main] DEBUG o.a.h.i.c.BasicClientConnectionManager - Connection can be kept alive indefinitely
