22:00:03.252 [main] DEBUG o.a.h.i.c.BasicClientConnectionManager - Get connection for route {}->http://super-scheduler-app.herokuapp.com:80
22:00:03.360 [main] DEBUG o.a.h.i.c.DefaultClientConnectionOperator - Connecting to super-scheduler-app.herokuapp.com:80
22:00:03.559 [main] DEBUG o.a.h.c.protocol.RequestAddCookies - CookieSpec selected: ignoreCookies
22:00:03.564 [main] DEBUG o.a.h.c.protocol.RequestAuthCache - Auth cache not set in the context
22:00:03.565 [main] DEBUG o.a.h.c.p.RequestTargetAuthentication - Target auth state: UNCHALLENGED
22:00:03.566 [main] DEBUG o.a.h.c.p.RequestProxyAuthentication - Proxy auth state: UNCHALLENGED
22:00:03.568 [main] DEBUG o.a.h.impl.client.DefaultHttpClient - Attempt 1 to execute request
22:00:03.569 [main] DEBUG o.a.h.i.c.DefaultClientConnection - Sending request: POST /api/login HTTP/1.1
22:00:03.570 [main] DEBUG org.apache.http.wire -  >> "POST /api/login HTTP/1.1[\r][\n]"
22:00:03.573 [main] DEBUG org.apache.http.wire -  >> "Accept: */*[\r][\n]"
22:00:03.573 [main] DEBUG org.apache.http.wire -  >> "Content-Type: application/json[\r][\n]"
22:00:03.574 [main] DEBUG org.apache.http.wire -  >> "Content-Length: 58[\r][\n]"
22:00:03.574 [main] DEBUG org.apache.http.wire -  >> "Host: super-scheduler-app.herokuapp.com[\r][\n]"
22:00:03.574 [main] DEBUG org.apache.http.wire -  >> "Connection: Keep-Alive[\r][\n]"
22:00:03.574 [main] DEBUG org.apache.http.wire -  >> "User-Agent: Apache-HttpClient/4.5.13 (Java/1.8.0_271)[\r][\n]"
22:00:03.575 [main] DEBUG org.apache.http.wire -  >> "Accept-Encoding: gzip,deflate[\r][\n]"
22:00:03.575 [main] DEBUG org.apache.http.wire -  >> "[\r][\n]"
22:00:03.575 [main] DEBUG org.apache.http.headers - >> POST /api/login HTTP/1.1
22:00:03.575 [main] DEBUG org.apache.http.headers - >> Accept: */*
22:00:03.576 [main] DEBUG org.apache.http.headers - >> Content-Type: application/json
22:00:03.576 [main] DEBUG org.apache.http.headers - >> Content-Length: 58
22:00:03.576 [main] DEBUG org.apache.http.headers - >> Host: super-scheduler-app.herokuapp.com
22:00:03.576 [main] DEBUG org.apache.http.headers - >> Connection: Keep-Alive
22:00:03.577 [main] DEBUG org.apache.http.headers - >> User-Agent: Apache-HttpClient/4.5.13 (Java/1.8.0_271)
22:00:03.577 [main] DEBUG org.apache.http.headers - >> Accept-Encoding: gzip,deflate
22:00:03.578 [main] DEBUG org.apache.http.wire -  >> "{"email" : "elena28+4@gmail.com", "password": "Aa1234567"}"
22:00:03.776 [main] DEBUG org.apache.http.wire -  << "HTTP/1.1 200 [\r][\n]"
22:00:03.779 [main] DEBUG org.apache.http.wire -  << "Server: Cowboy[\r][\n]"
22:00:03.780 [main] DEBUG org.apache.http.wire -  << "Connection: keep-alive[\r][\n]"
22:00:03.780 [main] DEBUG org.apache.http.wire -  << "Content-Type: application/json;charset=UTF-8[\r][\n]"
22:00:03.780 [main] DEBUG org.apache.http.wire -  << "Transfer-Encoding: chunked[\r][\n]"
22:00:03.781 [main] DEBUG org.apache.http.wire -  << "Date: Tue, 31 Aug 2021 19:00:04 GMT[\r][\n]"
22:00:03.781 [main] DEBUG org.apache.http.wire -  << "Via: 1.1 vegur[\r][\n]"
22:00:03.781 [main] DEBUG org.apache.http.wire -  << "[\r][\n]"
22:00:03.783 [main] DEBUG o.a.h.i.c.DefaultClientConnection - Receiving response: HTTP/1.1 200 
22:00:03.784 [main] DEBUG org.apache.http.headers - << HTTP/1.1 200 
22:00:03.784 [main] DEBUG org.apache.http.headers - << Server: Cowboy
22:00:03.784 [main] DEBUG org.apache.http.headers - << Connection: keep-alive
22:00:03.785 [main] DEBUG org.apache.http.headers - << Content-Type: application/json;charset=UTF-8
22:00:03.785 [main] DEBUG org.apache.http.headers - << Transfer-Encoding: chunked
22:00:03.785 [main] DEBUG org.apache.http.headers - << Date: Tue, 31 Aug 2021 19:00:04 GMT
22:00:03.786 [main] DEBUG org.apache.http.headers - << Via: 1.1 vegur
22:00:03.802 [main] DEBUG o.a.h.impl.client.DefaultHttpClient - Connection can be kept alive indefinitely
22:00:03.883 [main] DEBUG i.r.i.RequestSpecificationImpl$RestAssuredHttpBuilder - Parsing response as: application/json;charset=UTF-8
22:00:03.884 [main] DEBUG i.r.i.RequestSpecificationImpl$RestAssuredHttpBuilder - Parsed data to instance of: class org.apache.http.conn.EofSensorInputStream
22:00:03.962 [main] DEBUG org.apache.http.wire -  << "b5[\r][\n]"
22:00:03.963 [main] DEBUG org.apache.http.wire -  << "{"token":"eyJ0eXAiOiJKV1QiLCJhbGciOiJIUzI1NiJ9.eyJlbWFpbCI6ImVsZW5hMjgrNEBnbWFpbC5jb20ifQ.dBLdzrRgPdqpIhAjuVI3_AvC3ZqAXCU-U-SYSyc309k","status":"Login success","registration":false}"
22:00:03.965 [main] DEBUG org.apache.http.wire -  << "[\r][\n]"
22:00:03.966 [main] DEBUG org.apache.http.wire -  << "0[\r][\n]"
22:00:03.967 [main] DEBUG org.apache.http.wire -  << "[\r][\n]"
22:00:03.967 [main] DEBUG o.a.h.i.c.BasicClientConnectionManager - Releasing connection org.apache.http.impl.conn.ManagedClientConnectionImpl@5aabbb29
22:00:03.968 [main] DEBUG o.a.h.i.c.BasicClientConnectionManager - Connection can be kept alive indefinitely
